<?xml version="1.0" encoding="UTF-8"?>
<!-- Generated by org.testng.reporters.JUnitReportReporter -->
<testsuite hostname="DrSupancomputer" name="com.wordpress.tests.WordPressProfilTest" tests="2" failures="0" timestamp="8 Mar 2016 14:26:31 GMT" time="43.120" errors="0">
  <testcase name="ProfileLogIn" time="21.461" classname="com.wordpress.tests.WordPressProfilTest"/>
  <testcase name="setProfileLogIN" time="21.659" classname="com.wordpress.tests.WordPressProfilTest"/>
</testsuite> <!-- com.wordpress.tests.WordPressProfilTest -->
