<?xml version="1.0" encoding="UTF-8"?>
<!-- Generated by org.testng.reporters.JUnitReportReporter -->
<testsuite hostname="DrSupancomputer" name="com.wordpress.tests.WordPressLoginTest" tests="1" failures="0" timestamp="12 Apr 2016 13:59:39 GMT" time="53.375" errors="0">
  <testcase name="testWithInvalidCharacters" time="53.375" classname="com.wordpress.tests.WordPressLoginTest"/>
</testsuite> <!-- com.wordpress.tests.WordPressLoginTest -->
